c:\users\alon.home\source\repos\jobobjectwrapper\jobmanagement\x64\debug\jobmanagement.pch
c:\users\alon.home\source\repos\jobobjectwrapper\jobmanagement\x64\debug\vc141.pdb
c:\users\alon.home\source\repos\jobobjectwrapper\jobmanagement\x64\debug\stdafx.xdc
c:\users\alon.home\source\repos\jobobjectwrapper\jobmanagement\x64\debug\jobmanagement.pchast
c:\users\alon.home\source\repos\jobobjectwrapper\jobmanagement\x64\debug\stdafx.nativecodeanalysis.xml
c:\users\alon.home\source\repos\jobobjectwrapper\jobmanagement\x64\debug\stdafx.obj
c:\users\alon.home\source\repos\jobobjectwrapper\jobmanagement\x64\debug\assemblyinfo.xdc
c:\users\alon.home\source\repos\jobobjectwrapper\jobmanagement\x64\debug\iocounters.xdc
c:\users\alon.home\source\repos\jobobjectwrapper\jobmanagement\x64\debug\jobeventhandler.xdc
c:\users\alon.home\source\repos\jobobjectwrapper\jobmanagement\x64\debug\jobexception.xdc
c:\users\alon.home\source\repos\jobobjectwrapper\jobmanagement\x64\debug\joblimits.xdc
c:\users\alon.home\source\repos\jobobjectwrapper\jobmanagement\x64\debug\jobmanagement.xdc
c:\users\alon.home\source\repos\jobobjectwrapper\jobmanagement\x64\debug\util.xdc
c:\users\alon.home\source\repos\jobobjectwrapper\jobmanagement\x64\debug\util.nativecodeanalysis.xml
c:\users\alon.home\source\repos\jobobjectwrapper\jobmanagement\x64\debug\jobmanagement.nativecodeanalysis.xml
c:\users\alon.home\source\repos\jobobjectwrapper\jobmanagement\x64\debug\joblimits.nativecodeanalysis.xml
c:\users\alon.home\source\repos\jobobjectwrapper\jobmanagement\x64\debug\jobexception.nativecodeanalysis.xml
c:\users\alon.home\source\repos\jobobjectwrapper\jobmanagement\x64\debug\jobeventhandler.nativecodeanalysis.xml
c:\users\alon.home\source\repos\jobobjectwrapper\jobmanagement\x64\debug\iocounters.nativecodeanalysis.xml
c:\users\alon.home\source\repos\jobobjectwrapper\jobmanagement\x64\debug\assemblyinfo.nativecodeanalysis.xml
c:\users\alon.home\source\repos\jobobjectwrapper\jobmanagement\x64\debug\assemblyinfo.obj
c:\users\alon.home\source\repos\jobobjectwrapper\jobmanagement\x64\debug\iocounters.obj
c:\users\alon.home\source\repos\jobobjectwrapper\jobmanagement\x64\debug\jobeventhandler.obj
c:\users\alon.home\source\repos\jobobjectwrapper\jobmanagement\x64\debug\jobexception.obj
c:\users\alon.home\source\repos\jobobjectwrapper\jobmanagement\x64\debug\joblimits.obj
c:\users\alon.home\source\repos\jobobjectwrapper\jobmanagement\x64\debug\jobmanagement.obj
c:\users\alon.home\source\repos\jobobjectwrapper\jobmanagement\x64\debug\util.obj
c:\users\alon.home\source\repos\jobobjectwrapper\jobmanagement\x64\debug\.netframework,version=4.0.assemblyattributes.xdc
c:\users\alon.home\source\repos\jobobjectwrapper\jobmanagement\x64\debug\.netframework,version=4.0.assemblyattributes.nativecodeanalysis.xml
c:\users\alon.home\source\repos\jobobjectwrapper\jobmanagement\x64\debug\.netframework,version=4.0.assemblyattributes.obj
c:\users\alon.home\source\repos\jobobjectwrapper\jobmanagement\x64\debug\.netframework,version=4.0.assemblyattributes.asm
c:\users\alon.home\source\repos\jobobjectwrapper\x64\debug\injobprocesscreator.exe
c:\users\alon.home\source\repos\jobobjectwrapper\x64\debug\injobprocesscreator.pdb
c:\users\alon.home\source\repos\jobobjectwrapper\x64\debug\injobprocesscreator.exe.config
c:\users\alon.home\source\repos\jobobjectwrapper\x64\debug\jobmanagement.dll
c:\users\alon.home\source\repos\jobobjectwrapper\x64\debug\jobmanagement.pdb
c:\users\alon.home\source\repos\jobobjectwrapper\jobmanagement\x64\debug\jobmanagement.tlog\metagen.write.1.tlog
c:\users\alon.home\source\repos\jobobjectwrapper\jobmanagement\x64\debug\app.res
c:\users\alon.home\source\repos\jobobjectwrapper\x64\debug\jobmanagement.xml
c:\users\alon.home\source\repos\jobobjectwrapper\jobmanagement\x64\debug\jobmanagement.vcxprojresolveassemblyreference.cache
c:\users\alon.home\source\repos\jobobjectwrapper\jobmanagement\x64\debug\jobmanagement.tlog\cl.command.1.tlog
c:\users\alon.home\source\repos\jobobjectwrapper\jobmanagement\x64\debug\jobmanagement.tlog\cl.read.1.tlog
c:\users\alon.home\source\repos\jobobjectwrapper\jobmanagement\x64\debug\jobmanagement.tlog\cl.write.1.tlog
c:\users\alon.home\source\repos\jobobjectwrapper\jobmanagement\x64\debug\jobmanagement.tlog\jobmanagement.write.1u.tlog
c:\users\alon.home\source\repos\jobobjectwrapper\jobmanagement\x64\debug\jobmanagement.tlog\link.command.1.tlog
c:\users\alon.home\source\repos\jobobjectwrapper\jobmanagement\x64\debug\jobmanagement.tlog\link.read.1.tlog
c:\users\alon.home\source\repos\jobobjectwrapper\jobmanagement\x64\debug\jobmanagement.tlog\link.write.1.tlog
c:\users\alon.home\source\repos\jobobjectwrapper\jobmanagement\x64\debug\jobmanagement.tlog\metagen.read.1.tlog
c:\users\alon.home\source\repos\jobobjectwrapper\jobmanagement\x64\debug\jobmanagement.tlog\rc.command.1.tlog
c:\users\alon.home\source\repos\jobobjectwrapper\jobmanagement\x64\debug\jobmanagement.tlog\rc.read.1.tlog
c:\users\alon.home\source\repos\jobobjectwrapper\jobmanagement\x64\debug\jobmanagement.tlog\rc.write.1.tlog
c:\users\alon.home\source\repos\jobobjectwrapper\jobmanagement\x64\debug\jobmanagement.tlog\xdcmake.command.1.tlog
c:\users\alon.home\source\repos\jobobjectwrapper\jobmanagement\x64\debug\jobmanagement.tlog\xdcmake.read.1.tlog
c:\users\alon.home\source\repos\jobobjectwrapper\jobmanagement\x64\debug\jobmanagement.tlog\xdcmake.write.1.tlog
c:\users\alon.home\source\repos\jobobjectwrapper\jobmanagement\x64\debug\jobmanagement.tlog\injobprocesscreator.exe.metagen
c:\users\alon.home\source\repos\jobobjectwrapper\jobmanagement\x64\debug\jobmanagement.tlog\msxml6r.dll.bi
c:\users\alon.home\source\repos\jobobjectwrapper\jobmanagement\x64\debug\jobmanagement.tlog\tzres.dll.bi
